2022-04-24 13:17:25.402  INFO 11796 --- [main] com.wang.myblog.MyBlogApplicationTests   : Starting MyBlogApplicationTests using Java 1.8.0_291 on LAPTOP-342INP49 with PID 11796 (started by Ó°³¿ in D:\IdeaProjects\MyBlog)
2022-04-24 13:17:25.405  INFO 11796 --- [main] com.wang.myblog.MyBlogApplicationTests   : The following 1 profile is active: "dev"
2022-04-24 13:17:26.121  INFO 11796 --- [main] .s.d.r.c.RepositoryConfigurationDelegate : Multiple Spring Data modules found, entering strict repository configuration mode!
2022-04-24 13:17:26.125  INFO 11796 --- [main] .s.d.r.c.RepositoryConfigurationDelegate : Bootstrapping Spring Data Redis repositories in DEFAULT mode.
2022-04-24 13:17:26.148  INFO 11796 --- [main] .s.d.r.c.RepositoryConfigurationDelegate : Finished Spring Data repository scanning in 10 ms. Found 0 Redis repository interfaces.
2022-04-24 13:17:27.992  WARN 11796 --- [main] o.s.s.c.a.web.builders.WebSecurity       : You are asking Spring Security to ignore Ant [pattern='/admin/dist/**']. This is not recommended -- please use permitAll via HttpSecurity#authorizeHttpRequests instead.
2022-04-24 13:17:27.993  INFO 11796 --- [main] o.s.s.web.DefaultSecurityFilterChain     : Will secure Ant [pattern='/admin/dist/**'] with []
2022-04-24 13:17:27.994  WARN 11796 --- [main] o.s.s.c.a.web.builders.WebSecurity       : You are asking Spring Security to ignore Ant [pattern='/blog/dist/**']. This is not recommended -- please use permitAll via HttpSecurity#authorizeHttpRequests instead.
2022-04-24 13:17:27.994  INFO 11796 --- [main] o.s.s.web.DefaultSecurityFilterChain     : Will secure Ant [pattern='/blog/dist/**'] with []
2022-04-24 13:17:27.995  WARN 11796 --- [main] o.s.s.c.a.web.builders.WebSecurity       : You are asking Spring Security to ignore Ant [pattern='/oss/upload/**']. This is not recommended -- please use permitAll via HttpSecurity#authorizeHttpRequests instead.
2022-04-24 13:17:27.995  INFO 11796 --- [main] o.s.s.web.DefaultSecurityFilterChain     : Will secure Ant [pattern='/oss/upload/**'] with []
2022-04-24 13:17:28.269  INFO 11796 --- [main] o.s.s.web.DefaultSecurityFilterChain     : Will not secure any request
2022-04-24 13:17:29.217  INFO 11796 --- [main] org.quartz.impl.StdSchedulerFactory      : Using default implementation for ThreadExecutor
2022-04-24 13:17:29.233  INFO 11796 --- [main] org.quartz.core.SchedulerSignalerImpl    : Initialized Scheduler Signaller of type: class org.quartz.core.SchedulerSignalerImpl
2022-04-24 13:17:29.234  INFO 11796 --- [main] org.quartz.core.QuartzScheduler          : Quartz Scheduler v.2.3.2 created.
2022-04-24 13:17:29.235  INFO 11796 --- [main] org.quartz.simpl.RAMJobStore             : RAMJobStore initialized.
2022-04-24 13:17:29.237  INFO 11796 --- [main] org.quartz.core.QuartzScheduler          : Scheduler meta-data: Quartz Scheduler (v2.3.2) 'quartzScheduler' with instanceId 'NON_CLUSTERED'
  Scheduler class: 'org.quartz.core.QuartzScheduler' - running locally.
  NOT STARTED.
  Currently in standby mode.
  Number of jobs executed: 0
  Using thread pool 'org.quartz.simpl.SimpleThreadPool' - with 10 threads.
  Using job-store 'org.quartz.simpl.RAMJobStore' - which does not support persistence. and is not clustered.

2022-04-24 13:17:29.238  INFO 11796 --- [main] org.quartz.impl.StdSchedulerFactory      : Quartz scheduler 'quartzScheduler' initialized from an externally provided properties instance.
2022-04-24 13:17:29.238  INFO 11796 --- [main] org.quartz.impl.StdSchedulerFactory      : Quartz scheduler version: 2.3.2
2022-04-24 13:17:29.238  INFO 11796 --- [main] org.quartz.core.QuartzScheduler          : JobFactory set to: org.springframework.scheduling.quartz.SpringBeanJobFactory@2bb717d7
2022-04-24 13:17:29.308  INFO 11796 --- [main] o.s.s.quartz.SchedulerFactoryBean        : Starting Quartz Scheduler now
2022-04-24 13:17:29.308  INFO 11796 --- [main] org.quartz.core.QuartzScheduler          : Scheduler quartzScheduler_$_NON_CLUSTERED started.
2022-04-24 13:17:29.319  INFO 11796 --- [main] com.wang.myblog.MyBlogApplicationTests   : Started MyBlogApplicationTests in 4.289 seconds (JVM running for 5.178)
2022-04-24 13:17:29.669  INFO 11796 --- [SpringApplicationShutdownHook] org.quartz.core.QuartzScheduler          : Scheduler quartzScheduler_$_NON_CLUSTERED paused.
2022-04-24 13:17:29.672  INFO 11796 --- [SpringApplicationShutdownHook] o.s.s.quartz.SchedulerFactoryBean        : Shutting down Quartz Scheduler
2022-04-24 13:17:29.672  INFO 11796 --- [SpringApplicationShutdownHook] org.quartz.core.QuartzScheduler          : Scheduler quartzScheduler_$_NON_CLUSTERED shutting down.
2022-04-24 13:17:29.672  INFO 11796 --- [SpringApplicationShutdownHook] org.quartz.core.QuartzScheduler          : Scheduler quartzScheduler_$_NON_CLUSTERED paused.
2022-04-24 13:17:29.673  INFO 11796 --- [SpringApplicationShutdownHook] org.quartz.core.QuartzScheduler          : Scheduler quartzScheduler_$_NON_CLUSTERED shutdown complete.
2022-04-24 13:17:29.783  INFO 11796 --- [SpringApplicationShutdownHook] com.alibaba.druid.pool.DruidDataSource   : {dataSource-0} closing ...
2022-04-24 13:23:50.020  INFO 17208 --- [main] com.wang.myblog.MyBlogApplicationTests   : Starting MyBlogApplicationTests using Java 1.8.0_291 on LAPTOP-342INP49 with PID 17208 (started by Ó°³¿ in D:\IdeaProjects\MyBlog)
2022-04-24 13:23:50.022  INFO 17208 --- [main] com.wang.myblog.MyBlogApplicationTests   : The following 1 profile is active: "dev"
2022-04-24 13:23:50.975  INFO 17208 --- [main] .s.d.r.c.RepositoryConfigurationDelegate : Multiple Spring Data modules found, entering strict repository configuration mode!
2022-04-24 13:23:50.979  INFO 17208 --- [main] .s.d.r.c.RepositoryConfigurationDelegate : Bootstrapping Spring Data Redis repositories in DEFAULT mode.
2022-04-24 13:23:51.018  INFO 17208 --- [main] .s.d.r.c.RepositoryConfigurationDelegate : Finished Spring Data repository scanning in 21 ms. Found 0 Redis repository interfaces.
2022-04-24 13:23:53.560  WARN 17208 --- [main] o.s.s.c.a.web.builders.WebSecurity       : You are asking Spring Security to ignore Ant [pattern='/admin/dist/**']. This is not recommended -- please use permitAll via HttpSecurity#authorizeHttpRequests instead.
2022-04-24 13:23:53.561  INFO 17208 --- [main] o.s.s.web.DefaultSecurityFilterChain     : Will secure Ant [pattern='/admin/dist/**'] with []
2022-04-24 13:23:53.562  WARN 17208 --- [main] o.s.s.c.a.web.builders.WebSecurity       : You are asking Spring Security to ignore Ant [pattern='/blog/dist/**']. This is not recommended -- please use permitAll via HttpSecurity#authorizeHttpRequests instead.
2022-04-24 13:23:53.563  INFO 17208 --- [main] o.s.s.web.DefaultSecurityFilterChain     : Will secure Ant [pattern='/blog/dist/**'] with []
2022-04-24 13:23:53.563  WARN 17208 --- [main] o.s.s.c.a.web.builders.WebSecurity       : You are asking Spring Security to ignore Ant [pattern='/oss/upload/**']. This is not recommended -- please use permitAll via HttpSecurity#authorizeHttpRequests instead.
2022-04-24 13:23:53.563  INFO 17208 --- [main] o.s.s.web.DefaultSecurityFilterChain     : Will secure Ant [pattern='/oss/upload/**'] with []
2022-04-24 13:23:54.088  INFO 17208 --- [main] o.s.s.web.DefaultSecurityFilterChain     : Will not secure any request
2022-04-24 13:23:55.275  INFO 17208 --- [main] org.quartz.impl.StdSchedulerFactory      : Using default implementation for ThreadExecutor
2022-04-24 13:23:55.292  INFO 17208 --- [main] org.quartz.core.SchedulerSignalerImpl    : Initialized Scheduler Signaller of type: class org.quartz.core.SchedulerSignalerImpl
2022-04-24 13:23:55.293  INFO 17208 --- [main] org.quartz.core.QuartzScheduler          : Quartz Scheduler v.2.3.2 created.
2022-04-24 13:23:55.294  INFO 17208 --- [main] org.quartz.simpl.RAMJobStore             : RAMJobStore initialized.
2022-04-24 13:23:55.295  INFO 17208 --- [main] org.quartz.core.QuartzScheduler          : Scheduler meta-data: Quartz Scheduler (v2.3.2) 'quartzScheduler' with instanceId 'NON_CLUSTERED'
  Scheduler class: 'org.quartz.core.QuartzScheduler' - running locally.
  NOT STARTED.
  Currently in standby mode.
  Number of jobs executed: 0
  Using thread pool 'org.quartz.simpl.SimpleThreadPool' - with 10 threads.
  Using job-store 'org.quartz.simpl.RAMJobStore' - which does not support persistence. and is not clustered.

2022-04-24 13:23:55.295  INFO 17208 --- [main] org.quartz.impl.StdSchedulerFactory      : Quartz scheduler 'quartzScheduler' initialized from an externally provided properties instance.
2022-04-24 13:23:55.296  INFO 17208 --- [main] org.quartz.impl.StdSchedulerFactory      : Quartz scheduler version: 2.3.2
2022-04-24 13:23:55.296  INFO 17208 --- [main] org.quartz.core.QuartzScheduler          : JobFactory set to: org.springframework.scheduling.quartz.SpringBeanJobFactory@5be51aa
2022-04-24 13:23:55.385  INFO 17208 --- [main] o.s.s.quartz.SchedulerFactoryBean        : Starting Quartz Scheduler now
2022-04-24 13:23:55.385  INFO 17208 --- [main] org.quartz.core.QuartzScheduler          : Scheduler quartzScheduler_$_NON_CLUSTERED started.
2022-04-24 13:23:55.400  INFO 17208 --- [main] com.wang.myblog.MyBlogApplicationTests   : Started MyBlogApplicationTests in 5.881 seconds (JVM running for 7.042)
2022-04-24 13:23:55.812  INFO 17208 --- [SpringApplicationShutdownHook] org.quartz.core.QuartzScheduler          : Scheduler quartzScheduler_$_NON_CLUSTERED paused.
2022-04-24 13:23:55.814  INFO 17208 --- [SpringApplicationShutdownHook] o.s.s.quartz.SchedulerFactoryBean        : Shutting down Quartz Scheduler
2022-04-24 13:23:55.815  INFO 17208 --- [SpringApplicationShutdownHook] org.quartz.core.QuartzScheduler          : Scheduler quartzScheduler_$_NON_CLUSTERED shutting down.
2022-04-24 13:23:55.815  INFO 17208 --- [SpringApplicationShutdownHook] org.quartz.core.QuartzScheduler          : Scheduler quartzScheduler_$_NON_CLUSTERED paused.
2022-04-24 13:23:55.816  INFO 17208 --- [SpringApplicationShutdownHook] org.quartz.core.QuartzScheduler          : Scheduler quartzScheduler_$_NON_CLUSTERED shutdown complete.
2022-04-24 13:23:55.845  INFO 17208 --- [SpringApplicationShutdownHook] com.alibaba.druid.pool.DruidDataSource   : {dataSource-0} closing ...
